<?xml version="1.0" encoding="UTF-8"?>
<testsuite name="testcasesformeasurement.TestQuantityMeasurement" tests="7" skipped="0" failures="0" errors="0" timestamp="2020-01-27T09:03:34" hostname="admin1-HP-EliteBook-Folio-9480m" time="0.005">
  <properties/>
  <testcase name="whenGivenZeroFeet_shouldReturnEqualFeet" classname="testcasesformeasurement.TestQuantityMeasurement" time="0.001"/>
  <testcase name="whenGivenNullInch_shouldReturnNull" classname="testcasesformeasurement.TestQuantityMeasurement" time="0.001"/>
  <testcase name="whenGivenInch_checkReferenceType_shouldReturnEqual" classname="testcasesformeasurement.TestQuantityMeasurement" time="0.0"/>
  <testcase name="whenGivenFeet_checkReferenceType_shouldReturnEqual" classname="testcasesformeasurement.TestQuantityMeasurement" time="0.0"/>
  <testcase name="whenGivenNullFeet_shouldReturnNull" classname="testcasesformeasurement.TestQuantityMeasurement" time="0.0"/>
  <testcase name="whenGivenFeet_checkValue_shouldReturnEqual" classname="testcasesformeasurement.TestQuantityMeasurement" time="0.0"/>
  <testcase name="whenGivenInch_checkValue_shouldReturnEqual" classname="testcasesformeasurement.TestQuantityMeasurement" time="0.0"/>
  <system-out><![CDATA[]]></system-out>
  <system-err><![CDATA[]]></system-err>
</testsuite>
